<?xml version="1.0" encoding="UTF-8"?>
<!-- Generated by org.testng.reporters.JUnitReportReporter -->
<testsuite hostname="Naresh-PC" failures="0" tests="2" name="TestHeader" time="2.830" errors="0" timestamp="2023-07-23T10:11:20 EDT" skipped="0">
  <testcase classname="TestHeader" name="testheader" time="1.992"/>
  <testcase classname="TestHeader" name="getheader" time="0.838"/>
</testsuite> <!-- TestHeader -->
